2023-05-30 01:36:16.345 [JavaFX Application Thread] INFO  com.project.HelloController - Начало работы
2023-05-30 01:36:31.046 [JavaFX Application Thread] INFO  com.project.HelloController - Student поиск по специальности Геодезия и дистанционное зондирование Профиль "Геодезия"
2023-05-30 01:36:38.959 [JavaFX Application Thread] INFO  com.project.HelloController - Student поиск по баллу за диплом 3,5
2023-05-30 01:36:38.960 [JavaFX Application Thread] INFO  com.project.HelloController - Student поиск по баллам спо 3,5
2023-05-30 01:36:42.556 [JavaFX Application Thread] INFO  com.project.HelloController - Student поиск по баллу за диплом 4,4
2023-05-30 01:36:42.557 [JavaFX Application Thread] INFO  com.project.HelloController - Student поиск по баллам спо 4,4
2023-05-30 01:36:44.961 [JavaFX Application Thread] INFO  com.project.HelloController - Student поиск по баллу за диплом 4,3
2023-05-30 01:36:44.962 [JavaFX Application Thread] INFO  com.project.HelloController - Student поиск по баллам спо 4,3
2023-05-30 01:36:47.521 [JavaFX Application Thread] INFO  com.project.HelloController - Student поиск по баллу за диплом 4,21
2023-05-30 01:36:47.521 [JavaFX Application Thread] INFO  com.project.HelloController - Student поиск по баллам спо 4,21
2023-05-30 01:36:49.779 [JavaFX Application Thread] INFO  com.project.HelloController - Student поиск по баллу за диплом 4,2
2023-05-30 01:36:49.780 [JavaFX Application Thread] INFO  com.project.HelloController - Student поиск по баллам спо 4,2
2023-05-30 01:37:10.909 [JavaFX Application Thread] INFO  com.project.HelloController - Teacher поиск по специальности Технические науки 2.1 Строительство и архитектура Научная специальность "2.1.11 Теория и история архитектуры, реставрация и реконструкция историко-архитектурного наследия"
2023-05-30 01:37:38.961 [JavaFX Application Thread] INFO  com.project.HelloController - Student поиск по специальности и баллу егэ Информационные системы и технологии Профиль "Информационные системы и технологии в строительстве" 197
2023-05-30 01:37:47.284 [JavaFX Application Thread] ERROR com.project.HelloController - ошибка при вводе 3 полей
2023-05-30 01:37:47.473 [JavaFX Application Thread] INFO  com.project.HelloController - Student поиск по специальности и баллу егэ Информационные системы и технологии Профиль "Информационные системы и технологии в строительстве" 197
2023-05-30 01:38:07.004 [JavaFX Application Thread] INFO  com.project.HelloController - Developer поиск по баллу за диплом 3,3
2023-05-30 01:38:07.004 [JavaFX Application Thread] INFO  com.project.HelloController - Developer поиск по баллам спо 3,3
2023-05-30 01:38:23.745 [JavaFX Application Thread] INFO  com.project.HelloController - Developer поиск по баллу за диплом 4,5
2023-05-30 01:38:23.746 [JavaFX Application Thread] INFO  com.project.HelloController - Developer поиск по баллам спо 4,5
2023-05-30 01:38:26.628 [JavaFX Application Thread] INFO  com.project.HelloController - Developer поиск по баллу за диплом 4,6
2023-05-30 01:38:26.629 [JavaFX Application Thread] INFO  com.project.HelloController - Developer поиск по баллам спо 4,6
2023-05-30 01:39:47.682 [JavaFX Application Thread] INFO  com.project.HelloController - Начало работы
2023-05-30 01:39:57.210 [JavaFX Application Thread] INFO  com.project.HelloController - Student поиск по баллу за егэ 223
2023-05-30 01:39:57.212 [JavaFX Application Thread] INFO  com.project.HelloController - Student поиск по баллам егэ 223
2023-05-30 01:40:01.075 [JavaFX Application Thread] INFO  com.project.HelloController - Student поиск по баллу за егэ 226
2023-05-30 01:40:01.075 [JavaFX Application Thread] INFO  com.project.HelloController - Student поиск по баллам егэ 226
2023-05-30 01:40:03.650 [JavaFX Application Thread] INFO  com.project.HelloController - Student поиск по баллу за егэ 228
2023-05-30 01:40:03.651 [JavaFX Application Thread] INFO  com.project.HelloController - Student поиск по баллам егэ 228
2023-05-30 01:40:24.171 [JavaFX Application Thread] INFO  com.project.HelloController - Student поиск по баллу за егэ 220
2023-05-30 01:40:24.172 [JavaFX Application Thread] INFO  com.project.HelloController - Student поиск по баллам егэ 220
2023-05-30 01:40:31.135 [JavaFX Application Thread] INFO  com.project.HelloController - Developer поиск по баллу за егэ 220
2023-05-30 01:40:31.135 [JavaFX Application Thread] INFO  com.project.HelloController - Developer поиск по баллам егэ 220
2023-05-30 01:41:17.785 [JavaFX Application Thread] INFO  com.project.HelloController - Начало работы
2023-05-30 01:46:38.867 [JavaFX Application Thread] INFO  com.project.HelloController - Начало работы
2023-05-30 01:46:58.812 [JavaFX Application Thread] INFO  com.project.Choose - Student поиск по баллу за егэ 220
2023-05-30 01:46:58.813 [JavaFX Application Thread] INFO  com.project.HelloController - Student поиск по баллам егэ 220
2023-05-30 01:47:23.591 [JavaFX Application Thread] INFO  com.project.HelloController - база обновлена, кол-во записей не изменилось, поля изменены 
2023-05-30 01:48:31.549 [JavaFX Application Thread] INFO  com.project.HelloController - Начало работы
2023-05-30 01:48:56.924 [JavaFX Application Thread] INFO  com.project.Choose - Teacher поиск по специальности Управление качеством Профиль "Энергетический менеджмент в строительстве и промышленности" (ПБ)
2023-05-30 01:49:09.067 [JavaFX Application Thread] INFO  com.project.Choose - Teacher поиск по баллу за диплом 2,3
2023-05-30 01:49:09.069 [JavaFX Application Thread] INFO  com.project.HelloController - Teacher поиск по баллам спо 2,3
2023-05-30 01:49:14.175 [JavaFX Application Thread] INFO  com.project.Choose - Teacher поиск по баллу за диплом 3,6
2023-05-30 01:49:14.176 [JavaFX Application Thread] INFO  com.project.HelloController - Teacher поиск по баллам спо 3,6
2023-05-30 01:49:16.647 [JavaFX Application Thread] INFO  com.project.Choose - Teacher поиск по баллу за диплом 3,65
2023-05-30 01:49:16.647 [JavaFX Application Thread] INFO  com.project.HelloController - Teacher поиск по баллам спо 3,65
2023-05-30 01:49:43.250 [JavaFX Application Thread] INFO  com.project.HelloController - база обновлена, кол-во записей не изменилось, поля изменены 
2023-05-30 12:19:23.971 [main] INFO  com.project.Choose - Student поиск по специальности Дизайн архитектурной среды Профиль Дизайн архитектурной среды
2023-05-30 12:21:54.091 [main] INFO  com.project.Choose - Teacher поиск по баллу за егэ 305
2023-05-30 12:21:54.099 [main] INFO  com.project.HelloControllerTest - Тест  - такой балл егэ есть в бд роль Преподаватель 
2023-05-30 12:21:54.318 [main] INFO  com.project.Choose - Student поиск по баллу за диплом 3,21
2023-05-30 12:21:54.319 [main] INFO  com.project.HelloControllerTest - Тест  - такой балл по диплому есть в бд роль Преподаватель 
2023-05-30 12:21:54.598 [main] INFO  com.project.Choose - Student поиск по специальности Дизайн архитектурной среды Профиль Дизайн архитектурной среды
2023-05-30 16:16:37.910 [main] INFO  com.project.Choose - Teacher поиск по баллу за егэ 305
2023-05-30 16:16:37.921 [main] INFO  com.project.HelloControllerTest - Тест  - такой балл егэ есть в бд роль Преподаватель 
2023-05-30 16:16:38.219 [main] INFO  com.project.Choose - Student поиск по баллу за диплом 3,21
2023-05-30 16:16:38.220 [main] INFO  com.project.HelloControllerTest - Тест  - такой балл по диплому есть в бд роль Преподаватель 
2023-05-30 16:16:38.568 [main] INFO  com.project.Choose - Student поиск по специальности Дизайн архитектурной среды Профиль Дизайн архитектурной среды
2023-05-30 16:16:57.686 [JavaFX Application Thread] INFO  com.project.HelloController - Начало работы
2023-05-30 16:17:46.349 [JavaFX Application Thread] INFO  com.project.HelloController - Начало работы
2023-05-30 16:18:17.988 [JavaFX Application Thread] INFO  com.project.HelloController - Начало работы
2023-05-30 16:26:52.805 [JavaFX Application Thread] INFO  com.project.Choose - Student поиск по специальности Архитектура Профиль "Архитектура"
2023-05-30 16:27:22.645 [JavaFX Application Thread] INFO  com.project.Choose - Student поиск по баллу за егэ 292
2023-05-30 16:27:22.646 [JavaFX Application Thread] INFO  com.project.HelloController - Student поиск по баллам егэ 292
2023-05-30 16:27:48.921 [JavaFX Application Thread] INFO  com.project.Choose - Student поиск по баллу за диплом 4,14
2023-05-30 16:27:48.921 [JavaFX Application Thread] INFO  com.project.HelloController - Student поиск по баллам спо 4,14
2023-05-30 16:28:57.791 [JavaFX Application Thread] INFO  com.project.Choose - Student поиск по специальности и баллу егэ Градостроительство Профиль "Градостроительное проектирование" 292
2023-05-30 16:29:41.053 [JavaFX Application Thread] INFO  com.project.Choose - Student поиск по специальности и баллу спо Строительство и эксплуатация автомобильных дорог и аэродромов (на базе 9 классов) 3,27
2023-05-30 16:30:04.450 [JavaFX Application Thread] INFO  com.project.Choose - Student поиск по баллу за диплом 302
2023-05-30 16:30:04.450 [JavaFX Application Thread] INFO  com.project.HelloController - Student поиск по баллам спо 302
2023-05-30 16:30:20.827 [JavaFX Application Thread] INFO  com.project.Choose - Student поиск по баллу за егэ 185
2023-05-30 16:30:20.828 [JavaFX Application Thread] INFO  com.project.HelloController - Student поиск по баллам егэ 185
2023-05-30 16:30:58.735 [JavaFX Application Thread] INFO  com.project.Choose - Student поиск по баллу за диплом 3,7
2023-05-30 16:30:58.736 [JavaFX Application Thread] INFO  com.project.HelloController - Student поиск по баллам спо 3,7
2023-05-30 16:31:10.263 [JavaFX Application Thread] INFO  com.project.Choose - Student поиск по баллу за диплом 3,7
2023-05-30 16:31:10.264 [JavaFX Application Thread] INFO  com.project.HelloController - Student поиск по баллам спо 3,7
2023-05-30 16:32:27.839 [JavaFX Application Thread] INFO  com.project.HelloController - база обновлена, кол-во записей не изменилось, поля изменены 
2023-05-31 17:40:46.047 [JavaFX Application Thread] INFO  com.project.HelloController - Начало работы
2023-05-31 17:41:34.776 [JavaFX Application Thread] INFO  com.project.HelloController - Начало работы
2023-05-31 17:41:55.343 [JavaFX Application Thread] INFO  com.project.Choose - Абитуриент поиск по баллу за егэ 206
2023-05-31 17:41:55.345 [JavaFX Application Thread] INFO  com.project.HelloController - Абитуриент поиск по баллам егэ 206
2023-05-31 17:41:59.835 [JavaFX Application Thread] INFO  com.project.Choose - Абитуриент поиск по баллу за егэ 208
2023-05-31 17:41:59.836 [JavaFX Application Thread] INFO  com.project.HelloController - Абитуриент поиск по баллам егэ 208
2023-05-31 17:43:15.523 [JavaFX Application Thread] INFO  com.project.Choose - Абитуриент поиск по баллу за егэ 292
2023-05-31 17:43:15.523 [JavaFX Application Thread] INFO  com.project.HelloController - Абитуриент поиск по баллам егэ 292
2023-05-31 17:43:42.647 [JavaFX Application Thread] INFO  com.project.Choose - Преподаватель поиск по баллу за егэ 292
2023-05-31 17:43:42.647 [JavaFX Application Thread] INFO  com.project.HelloController - Преподаватель поиск по баллам егэ 292
2023-06-01 01:48:58.648 [JavaFX Application Thread] INFO  com.project.HelloController - Начало работы
2023-06-01 01:50:44.810 [JavaFX Application Thread] INFO  com.project.Choose - Абитуриент поиск по специальности Дизайн архитектурной среды Профиль "Дизайн архитектурной среды"
2023-06-01 02:15:17.911 [JavaFX Application Thread] INFO  com.project.Choose - Преподаватель поиск по баллу за диплом 3,21
2023-06-01 02:15:17.913 [JavaFX Application Thread] INFO  com.project.HelloController - Преподаватель поиск по баллам спо 3,21
2023-06-01 02:15:22.300 [JavaFX Application Thread] INFO  com.project.Choose - Преподаватель поиск по баллу за диплом 3,25
2023-06-01 02:15:22.301 [JavaFX Application Thread] INFO  com.project.HelloController - Преподаватель поиск по баллам спо 3,25
2023-06-01 02:15:25.496 [JavaFX Application Thread] INFO  com.project.Choose - Преподаватель поиск по баллу за диплом 3,28
2023-06-01 02:15:25.497 [JavaFX Application Thread] INFO  com.project.HelloController - Преподаватель поиск по баллам спо 3,28
2023-06-01 02:15:42.209 [JavaFX Application Thread] INFO  com.project.Choose - Преподаватель поиск по баллу за диплом 4,6
2023-06-01 02:15:42.210 [JavaFX Application Thread] INFO  com.project.HelloController - Преподаватель поиск по баллам спо 4,6
2023-06-01 02:15:53.652 [JavaFX Application Thread] INFO  com.project.Choose - Преподаватель поиск по баллу за диплом 4,38
2023-06-01 02:15:53.653 [JavaFX Application Thread] INFO  com.project.HelloController - Преподаватель поиск по баллам спо 4,38
2023-06-01 02:29:24.655 [JavaFX Application Thread] INFO  com.project.Choose - Преподаватель поиск по баллу за диплом 4,38
2023-06-01 02:29:24.656 [JavaFX Application Thread] INFO  com.project.HelloController - Преподаватель поиск по баллам спо 4,38
2023-06-01 02:29:32.391 [JavaFX Application Thread] INFO  com.project.HelloController - база обновлена, кол-во записей не изменилось, поля изменены 
2023-06-01 02:33:56.444 [JavaFX Application Thread] INFO  com.project.Choose - Преподаватель поиск по специальности и баллу спо Компьютерные системы и комплексы (на базе 11 классов) (4) 4,6
2023-06-01 02:34:20.728 [JavaFX Application Thread] INFO  com.project.Choose - Преподаватель поиск по специальности Естественные науки 1.3 Физические науки Научная специальность "1.3.8 Физика конденсированного состояния"
2023-06-01 11:21:42.992 [JavaFX Application Thread] INFO  com.project.HelloController - Начало работы
2023-06-01 12:22:15.243 [JavaFX Application Thread] INFO  com.project.HelloController - Начало работы
2023-06-01 12:22:34.529 [JavaFX Application Thread] INFO  com.project.HelloController - база обновлена, кол-во записей не изменилось, поля изменены 
2023-06-12 17:01:37.986 [JavaFX Application Thread] INFO  com.project.HelloController - Начало работы
2023-06-12 17:01:59.671 [main] INFO  com.project.Choose - Teacher поиск по баллу за егэ 305
2023-06-12 17:01:59.680 [main] INFO  com.project.HelloControllerTest - Тест  - такой балл егэ есть в бд роль Преподаватель 
2023-06-12 17:01:59.965 [main] INFO  com.project.Choose - Abiturient поиск по баллу за диплом 3,21
2023-06-12 17:01:59.965 [main] INFO  com.project.HelloControllerTest - Тест  - такой балл по диплому есть в бд роль Преподаватель 
2023-06-12 17:02:00.150 [main] INFO  com.project.Choose - Abiturient поиск по специальности Дизайн архитектурной среды Профиль Дизайн архитектурной среды
2023-06-12 17:02:36.435 [main] INFO  com.project.Choose - Teacher поиск по баллу за егэ 305
2023-06-12 17:02:36.442 [main] INFO  com.project.HelloControllerTest - Тест  - такой балл егэ есть в бд роль Преподаватель 
2023-06-12 17:02:36.693 [main] INFO  com.project.Choose - Abiturient поиск по баллу за диплом 3,21
2023-06-12 17:02:36.694 [main] INFO  com.project.HelloControllerTest - Тест  - такой балл по диплому есть в бд роль Abiturient 
2023-06-12 17:02:36.933 [main] INFO  com.project.Choose - Abiturient поиск по специальности Дизайн архитектурной среды Профиль Дизайн архитектурной среды
2023-06-12 18:11:06.160 [JavaFX Application Thread] INFO  com.project.HelloController - Начало работы
2023-06-14 10:17:03.600 [JavaFX Application Thread] INFO  com.project.HelloController - Начало работы
